<?xml version="1.0" encoding="UTF-8"?>
<testng-results ignored="0" total="1" passed="1" failed="0" skipped="0">
  <reporter-output>
  </reporter-output>
  <suite started-at="2023-12-29T17:45:43 IST" name="Default suite" finished-at="2023-12-29T17:49:17 IST" duration-ms="213700">
    <groups>
    </groups>
    <test started-at="2023-12-29T17:45:43 IST" name="Default test" finished-at="2023-12-29T17:49:17 IST" duration-ms="213700">
      <class name="com.inetBanking.testCases.TC_LoginTest_001">
        <test-method is-config="true" signature="setup()[pri:0, instance:com.inetBanking.testCases.TC_LoginTest_001@202b0582]" started-at="2023-12-29T17:45:43 IST" name="setup" finished-at="2023-12-29T17:45:56 IST" duration-ms="12561" status="PASS">
          <reporter-output>
          </reporter-output>
        </test-method> <!-- setup -->
        <test-method signature="loginTest()[pri:0, instance:com.inetBanking.testCases.TC_LoginTest_001@202b0582]" started-at="2023-12-29T17:45:56 IST" name="loginTest" finished-at="2023-12-29T17:49:16 IST" duration-ms="200516" status="PASS">
          <reporter-output>
          </reporter-output>
        </test-method> <!-- loginTest -->
        <test-method is-config="true" signature="teardown()[pri:0, instance:com.inetBanking.testCases.TC_LoginTest_001@202b0582]" started-at="2023-12-29T17:49:16 IST" name="teardown" finished-at="2023-12-29T17:49:17 IST" duration-ms="561" status="PASS">
          <reporter-output>
          </reporter-output>
        </test-method> <!-- teardown -->
      </class> <!-- com.inetBanking.testCases.TC_LoginTest_001 -->
    </test> <!-- Default test -->
  </suite> <!-- Default suite -->
</testng-results>
